[     177ms] [INFO] %cDownload the React DevTools for a better development experience: https://react.dev/link/react-devtools font-weight:bold @ http://localhost:3000/_next/static/chunks/0ugy_next_dist_0hur9--._.js:2477
[     201ms] [LOG] [HMR] connected @ http://localhost:3000/_next/static/chunks/0ugy_next_dist_0hur9--._.js:2477
[  113596ms] [LOG] [Fast Refresh] rebuilding @ http://localhost:3000/_next/static/chunks/0ugy_next_dist_0hur9--._.js:2477
[  113951ms] [LOG] [Fast Refresh] done in 464ms @ http://localhost:3000/_next/static/chunks/0ugy_next_dist_0hur9--._.js:2477
[  121002ms] [LOG] [Fast Refresh] rebuilding @ http://localhost:3000/_next/static/chunks/0ugy_next_dist_0hur9--._.js:2477
[  121561ms] [LOG] [Fast Refresh] done in 666ms @ http://localhost:3000/_next/static/chunks/0ugy_next_dist_0hur9--._.js:2477
[  121575ms] [ERROR] Failed to load resource: the server responded with a status of 404 (Not Found) @ http://localhost:3000/project:0
[  121608ms] [INFO] %cDownload the React DevTools for a better development experience: https://react.dev/link/react-devtools font-weight:bold @ http://localhost:3000/_next/static/chunks/0ugy_next_dist_0hur9--._.js:2477
[  121621ms] [LOG] [HMR] connected @ http://localhost:3000/_next/static/chunks/0ugy_next_dist_0hur9--._.js:2477
[  121679ms] [WARNING] Image with src "/images/blackHole.png" has either width or height modified, but not the other. If you use CSS to change the size of your image, also include the styles 'width: "auto"' or 'height: "auto"' to maintain the aspect ratio. @ http://localhost:3000/_next/static/chunks/0ugy_next_dist_0hur9--._.js:2477
[  121743ms] [WARNING] Image with src "/images/blackHole.png" was detected as the Largest Contentful Paint (LCP). Please add the `loading="eager"` property if this image is above the fold.
Read more: https://nextjs.org/docs/app/api-reference/components/image#loading @ http://localhost:3000/_next/static/chunks/0ugy_next_dist_0hur9--._.js:2477
[  161240ms] [LOG] [Fast Refresh] rebuilding @ http://localhost:3000/_next/static/chunks/0ugy_next_dist_0hur9--._.js:2477
[  161249ms] [LOG] [Fast Refresh] done in 111ms @ http://localhost:3000/_next/static/chunks/0ugy_next_dist_0hur9--._.js:2477
[  164316ms] [LOG] [Fast Refresh] rebuilding @ http://localhost:3000/_next/static/chunks/0ugy_next_dist_0hur9--._.js:2477
[  164669ms] [LOG] [Fast Refresh] done in 464ms @ http://localhost:3000/_next/static/chunks/0ugy_next_dist_0hur9--._.js:2477
[  166863ms] [LOG] [Fast Refresh] rebuilding @ http://localhost:3000/_next/static/chunks/0ugy_next_dist_0hur9--._.js:2477
[  166965ms] [LOG] [Fast Refresh] done in 210ms @ http://localhost:3000/_next/static/chunks/0ugy_next_dist_0hur9--._.js:2477
[  169851ms] [LOG] [Fast Refresh] rebuilding @ http://localhost:3000/_next/static/chunks/0ugy_next_dist_0hur9--._.js:2477
[  169922ms] [LOG] [Fast Refresh] done in 177ms @ http://localhost:3000/_next/static/chunks/0ugy_next_dist_0hur9--._.js:2477
