[     128ms] [LOG] [Fast Refresh] rebuilding @ http://localhost:3000/_next/static/chunks/0ugy_next_dist_0hur9--._.js:2477
[     182ms] [LOG] [Fast Refresh] done in 168ms @ http://localhost:3000/_next/static/chunks/0ugy_next_dist_0hur9--._.js:2477
[     288ms] [INFO] %cDownload the React DevTools for a better development experience: https://react.dev/link/react-devtools font-weight:bold @ http://localhost:3000/_next/static/chunks/0ugy_next_dist_0hur9--._.js:2477
[     317ms] [LOG] [HMR] connected @ http://localhost:3000/_next/static/chunks/0ugy_next_dist_0hur9--._.js:2477
[   25077ms] [LOG] [Fast Refresh] rebuilding @ http://localhost:3000/_next/static/chunks/0ugy_next_dist_0hur9--._.js:2477
[   25093ms] [LOG] [Fast Refresh] done in 121ms @ http://localhost:3000/_next/static/chunks/0ugy_next_dist_0hur9--._.js:2477
[   57587ms] [ERROR] Blocked opening 'https://setubal.vercel.app/' in a new window because the request was made in a sandboxed frame whose 'allow-popups' permission is not set. @ https://mfpmartins.dev/project/setubal:0
[   76302ms] [WARNING] %c[DEPRECATION]%c The SDK version you are using is deprecated and unsecure. Please upgrade to SDK v4 or later. For more information, visit https://www.emailjs.com/docs/sdk/installation/ color: red; font-weight: bold; color: inherit; @ https://cdn.emailjs.com/dist/email.min.js:0
[  447428ms] [INFO] Slow network is detected. See https://www.chromestatus.com/feature/5636954674692096 for more details. Fallback font will be used while loading: https://fonts.gstatic.com/s/roboto/v51/KFO7CnqEu92Fr1ME7kSn66aGLdTylUAMa3yUBA.woff2 @ https://www.google.com/maps/embed?pb=!1m18!1m12!1m3!1d119640.59391663154!2d-9.137451398744135!3d38.454052999812035!2m3!1f0!2f0!3f0!3m2!1i1024!2i768!4f13.1!3m3!1m2!1s0xd194fd99d329631%3A0xaee8c5c0c2725b28!2sParque%20Natural%20da%20Arr%C3%A1bida!5e1!3m2!1spt-PT!2spt!4v1721918607007!5m2!1spt-PT!2spt:0
[  449381ms] [INFO] Slow network is detected. See https://www.chromestatus.com/feature/5636954674692096 for more details. Fallback font will be used while loading: https://fonts.gstatic.com/s/googlesanstext/v25/5aUp9-KzpRiLCAt4Unrc-xIKmCU5oLlVnmhjtg.woff2 @ https://www.google.com/maps/embed?pb=!1m18!1m12!1m3!1d119640.59391663154!2d-9.137451398744135!3d38.454052999812035!2m3!1f0!2f0!3f0!3m2!1i1024!2i768!4f13.1!3m3!1m2!1s0xd194fd99d329631%3A0xaee8c5c0c2725b28!2sParque%20Natural%20da%20Arr%C3%A1bida!5e1!3m2!1spt-PT!2spt!4v1721918607007!5m2!1spt-PT!2spt:0
[  449381ms] [INFO] Slow network is detected. See https://www.chromestatus.com/feature/5636954674692096 for more details. Fallback font will be used while loading: https://fonts.gstatic.com/l/font?kit=5aUu9-KzpRiLCAt4Unrc-xIKmCU5mEhkgo3FI_E8lH570oBdIw&skey=b20c8ebc9802c116&v=v25 @ https://www.google.com/maps/embed?pb=!1m18!1m12!1m3!1d119640.59391663154!2d-9.137451398744135!3d38.454052999812035!2m3!1f0!2f0!3f0!3m2!1i1024!2i768!4f13.1!3m3!1m2!1s0xd194fd99d329631%3A0xaee8c5c0c2725b28!2sParque%20Natural%20da%20Arr%C3%A1bida!5e1!3m2!1spt-PT!2spt!4v1721918607007!5m2!1spt-PT!2spt:0
[  449545ms] [INFO] Slow network is detected. See https://www.chromestatus.com/feature/5636954674692096 for more details. Fallback font will be used while loading: https://fonts.gstatic.com/s/googlesanstext/v25/5aUu9-KzpRiLCAt4Unrc-xIKmCU5qEp2iw.woff2 @ https://www.google.com/maps/embed?pb=!1m18!1m12!1m3!1d119640.59391663154!2d-9.137451398744135!3d38.454052999812035!2m3!1f0!2f0!3f0!3m2!1i1024!2i768!4f13.1!3m3!1m2!1s0xd194fd99d329631%3A0xaee8c5c0c2725b28!2sParque%20Natural%20da%20Arr%C3%A1bida!5e1!3m2!1spt-PT!2spt!4v1721918607007!5m2!1spt-PT!2spt:0
[  463341ms] [LOG] [Fast Refresh] rebuilding @ http://localhost:3000/_next/static/chunks/0ugy_next_dist_0hur9--._.js:2477
[  463342ms] [LOG] [Fast Refresh] done in 104ms @ http://localhost:3000/_next/static/chunks/0ugy_next_dist_0hur9--._.js:2477
[  478265ms] [VERBOSE] [DOM] Password field is not contained in a form: (More info: https://goo.gl/9p2vKq) %o @ https://pawsitivehomes.netlify.app/login:0
[  481348ms] [ERROR] Error fetching animals: I @ https://pawsitivehomes.netlify.app/assets/index-Cpi9SfIp.js:70
[  481348ms] [ERROR] Failed to load resource: net::ERR_NAME_NOT_RESOLVED @ https://pawsitive-homes-back-end.adaptable.app/animals:0
[  485691ms] [LOG] [Fast Refresh] rebuilding @ http://localhost:3000/_next/static/chunks/0ugy_next_dist_0hur9--._.js:2477
[  485748ms] [LOG] [Fast Refresh] done in 164ms @ http://localhost:3000/_next/static/chunks/0ugy_next_dist_0hur9--._.js:2477
[  493676ms] [LOG] [Fast Refresh] rebuilding @ http://localhost:3000/_next/static/chunks/0ugy_next_dist_0hur9--._.js:2477
[  493783ms] [LOG] [Fast Refresh] done in 218ms @ http://localhost:3000/_next/static/chunks/0ugy_next_dist_0hur9--._.js:2477
[  537787ms] [LOG] [Fast Refresh] rebuilding @ http://localhost:3000/_next/static/chunks/0ugy_next_dist_0hur9--._.js:2477
[  537838ms] [LOG] [Fast Refresh] done in 14ms @ http://localhost:3000/_next/static/chunks/0ugy_next_dist_0hur9--._.js:2477
[  548860ms] [LOG] [Fast Refresh] rebuilding @ http://localhost:3000/_next/static/chunks/0ugy_next_dist_0hur9--._.js:2477
[  548982ms] [LOG] [Fast Refresh] done in 21ms @ http://localhost:3000/_next/static/chunks/0ugy_next_dist_0hur9--._.js:2477
[  549091ms] [LOG] [Fast Refresh] rebuilding @ http://localhost:3000/_next/static/chunks/0ugy_next_dist_0hur9--._.js:2477
[  549120ms] [LOG] [Fast Refresh] done in 131ms @ http://localhost:3000/_next/static/chunks/0ugy_next_dist_0hur9--._.js:2477
[  557011ms] [LOG] [Fast Refresh] rebuilding @ http://localhost:3000/_next/static/chunks/0ugy_next_dist_0hur9--._.js:2477
[  558664ms] [INFO] %cDownload the React DevTools for a better development experience: https://react.dev/link/react-devtools font-weight:bold @ http://localhost:3000/_next/static/chunks/0ugy_next_dist_0hur9--._.js:2477
[  558714ms] [LOG] [HMR] connected @ http://localhost:3000/_next/static/chunks/0ugy_next_dist_0hur9--._.js:2477
[  585693ms] [LOG] [Fast Refresh] rebuilding @ http://localhost:3000/_next/static/chunks/0ugy_next_dist_0hur9--._.js:2477
[  585815ms] [LOG] [Fast Refresh] done in 41ms @ http://localhost:3000/_next/static/chunks/0ugy_next_dist_0hur9--._.js:2477
