[     169ms] [INFO] %cDownload the React DevTools for a better development experience: https://react.dev/link/react-devtools font-weight:bold @ http://localhost:3000/_next/static/chunks/0ugy_next_dist_0hur9--._.js:2477
[     214ms] [LOG] [HMR] connected @ http://localhost:3000/_next/static/chunks/0ugy_next_dist_0hur9--._.js:2477
[  236137ms] [LOG] [Fast Refresh] rebuilding @ http://localhost:3000/_next/static/chunks/0ugy_next_dist_0hur9--._.js:2477
[  236498ms] [LOG] [Fast Refresh] done in 460ms @ http://localhost:3000/_next/static/chunks/0ugy_next_dist_0hur9--._.js:2477
[  237444ms] [LOG] [Fast Refresh] rebuilding @ http://localhost:3000/_next/static/chunks/0ugy_next_dist_0hur9--._.js:2477
[  237812ms] [LOG] [Fast Refresh] done in 402ms @ http://localhost:3000/_next/static/chunks/0ugy_next_dist_0hur9--._.js:2477
[  238551ms] [LOG] [Fast Refresh] rebuilding @ http://localhost:3000/_next/static/chunks/0ugy_next_dist_0hur9--._.js:2477
[  238932ms] [LOG] [Fast Refresh] done in 411ms @ http://localhost:3000/_next/static/chunks/0ugy_next_dist_0hur9--._.js:2477
[  255876ms] [LOG] [Fast Refresh] rebuilding @ http://localhost:3000/_next/static/chunks/0ugy_next_dist_0hur9--._.js:2477
[  256014ms] [ERROR] ./mfpmartins.dev/src/app/projects/layout.tsx:2:1
Module not found: Can't resolve './ProjectsLayoutClient'
  1 | ...etadata } from 'next'
> 2 | ...tsLayoutClient } from './Proje...
    |    ^^^^^^^^^^^^^^^^^^^^^^^^^^^^^^^^^
  3 | ...
  4 | ...tadata: Metadata = {
  5 | ...cts',

https://nextjs.org/docs/messages/module-not-found @ http://localhost:3000/_next/static/chunks/0ugy_next_dist_0hur9--._.js:3318
[  256059ms] [ERROR] ./mfpmartins.dev/src/app/projects/layout.tsx:2:1
Module not found: Can't resolve './ProjectsLayoutClient'
  1 | ...etadata } from 'next'
> 2 | ...tsLayoutClient } from './Proje...
    |    ^^^^^^^^^^^^^^^^^^^^^^^^^^^^^^^^^
  3 | ...
  4 | ...tadata: Metadata = {
  5 | ...cts',

https://nextjs.org/docs/messages/module-not-found @ http://localhost:3000/_next/static/chunks/0ugy_next_dist_0hur9--._.js:3318
[  256167ms] [LOG] [Fast Refresh] rebuilding @ http://localhost:3000/_next/static/chunks/0ugy_next_dist_0hur9--._.js:2477
[  256331ms] [ERROR] ./mfpmartins.dev/src/app/projects/layout.tsx:2:1
Module not found: Can't resolve './ProjectsLayoutClient'
  1 | ...etadata } from 'next'
> 2 | ...tsLayoutClient } from './Proje...
    |    ^^^^^^^^^^^^^^^^^^^^^^^^^^^^^^^^^
  3 | ...
  4 | ...tadata: Metadata = {
  5 | ...cts',

https://nextjs.org/docs/messages/module-not-found @ http://localhost:3000/_next/static/chunks/0ugy_next_dist_0hur9--._.js:3318
[  256370ms] [ERROR] ./mfpmartins.dev/src/app/projects/layout.tsx:2:1
Module not found: Can't resolve './ProjectsLayoutClient'
  1 | ...etadata } from 'next'
> 2 | ...tsLayoutClient } from './Proje...
    |    ^^^^^^^^^^^^^^^^^^^^^^^^^^^^^^^^^
  3 | ...
  4 | ...tadata: Metadata = {
  5 | ...cts',

https://nextjs.org/docs/messages/module-not-found @ http://localhost:3000/_next/static/chunks/0ugy_next_dist_0hur9--._.js:3318
[  256480ms] [LOG] [Fast Refresh] rebuilding @ http://localhost:3000/_next/static/chunks/0ugy_next_dist_0hur9--._.js:2477
[  256609ms] [ERROR] ./mfpmartins.dev/src/app/projects/layout.tsx:2:1
Module not found: Can't resolve './ProjectsLayoutClient'
  1 | ...etadata } from 'next'
> 2 | ...tsLayoutClient } from './Proje...
    |    ^^^^^^^^^^^^^^^^^^^^^^^^^^^^^^^^^
  3 | ...
  4 | ...tadata: Metadata = {
  5 | ...cts',

https://nextjs.org/docs/messages/module-not-found @ http://localhost:3000/_next/static/chunks/0ugy_next_dist_0hur9--._.js:3318
[  256612ms] [ERROR] Failed to load resource: the server responded with a status of 500 (Internal Server Error) @ http://localhost:3000/?_rsc=q3mOO9BClNZHexY7:0
[  256615ms] [ERROR] ./mfpmartins.dev/src/app/projects/layout.tsx:2:1
Module not found: Can't resolve './ProjectsLayoutClient'
  1 | ...etadata } from 'next'
> 2 | ...tsLayoutClient } from './Proje...
    |    ^^^^^^^^^^^^^^^^^^^^^^^^^^^^^^^^^
  3 | ...
  4 | ...tadata: Metadata = {
  5 | ...cts',

https://nextjs.org/docs/messages/module-not-found @ http://localhost:3000/_next/static/chunks/0ugy_next_dist_0hur9--._.js:3318
[  256623ms] [ERROR] Failed to load resource: the server responded with a status of 500 (Internal Server Error) @ http://localhost:3000/?_rsc=q3mOO9BClNZHexY7:0
[  256636ms] [ERROR] Failed to load resource: the server responded with a status of 500 (Internal Server Error) @ http://localhost:3000/?_rsc=q3mOO9BClNZHexY7:0
[  256651ms] [ERROR] Failed to load resource: the server responded with a status of 500 (Internal Server Error) @ http://localhost:3000/:0
[  256762ms] [INFO] %cDownload the React DevTools for a better development experience: https://react.dev/link/react-devtools font-weight:bold @ http://localhost:3000/_next/static/chunks/0ugy_react-dom_0b0twha._.js:15305
[  256897ms] Error: ./mfpmartins.dev/src/app/projects/layout.tsx:2:1
Module not found: Can't resolve './ProjectsLayoutClient'
  1 | ...etadata } from 'next'
> 2 | ...tsLayoutClient } from './Proje...
    |    ^^^^^^^^^^^^^^^^^^^^^^^^^^^^^^^^^
  3 | ...
  4 | ...tadata: Metadata = {
  5 | ...cts',



https://nextjs.org/docs/messages/module-not-found


    at <unknown> (Error: ./mfpmartins.dev/src/app/projects/layout.tsx:2:1)
    at <unknown> (https://nextjs.org/docs/messages/module-not-found)
    at Object.getCompilationErrors (file://C:\Code\Personal\mfpmartins.dev\node_modules\next\dist\server\dev\hot-reloader-turbopack.js:1186:59)
    at DevBundlerService.getCompilationError (file://C:\Code\Personal\mfpmartins.dev\node_modules\next\dist\server\lib\dev-bundler-service.js:44:55)
    at DevServer.getCompilationError (file://C:\Code\Personal\mfpmartins.dev\node_modules\next\dist\server\dev\next-dev-server.js:720:42)
    at DevServer.findPageComponents (file://C:\Code\Personal\mfpmartins.dev\node_modules\next\dist\server\dev\next-dev-server.js:690:43)
    at async DevServer.renderErrorToResponseImpl (file://C:\Code\Personal\mfpmartins.dev\node_modules\next\dist\server\base-server.js:1753:26)
[  256898ms] [LOG] [HMR] connected @ http://localhost:3000/_next/static/chunks/0ugy_next_dist_00lkz9j._.js:1226
[  256902ms] [ERROR] ./mfpmartins.dev/src/app/projects/layout.tsx:2:1
Module not found: Can't resolve './ProjectsLayoutClient'
  1 | ...etadata } from 'next'
> 2 | ...tsLayoutClient } from './Proje...
    |    ^^^^^^^^^^^^^^^^^^^^^^^^^^^^^^^^^
  3 | ...
  4 | ...tadata: Metadata = {
  5 | ...cts',

https://nextjs.org/docs/messages/module-not-found @ http://localhost:3000/_next/static/chunks/0ugy_next_dist_00lkz9j._.js:1945
[  256903ms] [ERROR] ./mfpmartins.dev/src/app/projects/layout.tsx:2:1
Module not found: Can't resolve './ProjectsLayoutClient'
  1 | ...etadata } from 'next'
> 2 | ...tsLayoutClient } from './Proje...
    |    ^^^^^^^^^^^^^^^^^^^^^^^^^^^^^^^^^
  3 | ...
  4 | ...tadata: Metadata = {
  5 | ...cts',

https://nextjs.org/docs/messages/module-not-found @ http://localhost:3000/_next/static/chunks/0ugy_next_dist_00lkz9j._.js:1945
[  256969ms] [ERROR] ./mfpmartins.dev/src/app/projects/layout.tsx:2:1
Module not found: Can't resolve './ProjectsLayoutClient'
  1 | ...etadata } from 'next'
> 2 | ...tsLayoutClient } from './Proje...
    |    ^^^^^^^^^^^^^^^^^^^^^^^^^^^^^^^^^
  3 | ...
  4 | ...tadata: Metadata = {
  5 | ...cts',

https://nextjs.org/docs/messages/module-not-found @ http://localhost:3000/_next/static/chunks/0ugy_next_dist_00lkz9j._.js:1945
[  257024ms] [ERROR] ./mfpmartins.dev/src/app/projects/layout.tsx:2:1
Module not found: Can't resolve './ProjectsLayoutClient'
  1 | ...etadata } from 'next'
> 2 | ...tsLayoutClient } from './Proje...
    |    ^^^^^^^^^^^^^^^^^^^^^^^^^^^^^^^^^
  3 | ...
  4 | ...tadata: Metadata = {
  5 | ...cts',

https://nextjs.org/docs/messages/module-not-found @ http://localhost:3000/_next/static/chunks/0ugy_next_dist_00lkz9j._.js:1945
[  257086ms] [ERROR] ./mfpmartins.dev/src/app/projects/layout.tsx:2:1
Module not found: Can't resolve './ProjectsLayoutClient'
  1 | ...etadata } from 'next'
> 2 | ...tsLayoutClient } from './Proje...
    |    ^^^^^^^^^^^^^^^^^^^^^^^^^^^^^^^^^
  3 | ...
  4 | ...tadata: Metadata = {
  5 | ...cts',

https://nextjs.org/docs/messages/module-not-found @ http://localhost:3000/_next/static/chunks/0ugy_next_dist_00lkz9j._.js:1945
[  257150ms] [ERROR] ./mfpmartins.dev/src/app/projects/layout.tsx:2:1
Module not found: Can't resolve './ProjectsLayoutClient'
  1 | ...etadata } from 'next'
> 2 | ...tsLayoutClient } from './Proje...
    |    ^^^^^^^^^^^^^^^^^^^^^^^^^^^^^^^^^
  3 | ...
  4 | ...tadata: Metadata = {
  5 | ...cts',

https://nextjs.org/docs/messages/module-not-found @ http://localhost:3000/_next/static/chunks/0ugy_next_dist_00lkz9j._.js:1945
[  257211ms] [ERROR] ./mfpmartins.dev/src/app/projects/layout.tsx:2:1
Module not found: Can't resolve './ProjectsLayoutClient'
  1 | ...etadata } from 'next'
> 2 | ...tsLayoutClient } from './Proje...
    |    ^^^^^^^^^^^^^^^^^^^^^^^^^^^^^^^^^
  3 | ...
  4 | ...tadata: Metadata = {
  5 | ...cts',

https://nextjs.org/docs/messages/module-not-found @ http://localhost:3000/_next/static/chunks/0ugy_next_dist_00lkz9j._.js:1945
[  257272ms] [ERROR] ./mfpmartins.dev/src/app/projects/layout.tsx:2:1
Module not found: Can't resolve './ProjectsLayoutClient'
  1 | ...etadata } from 'next'
> 2 | ...tsLayoutClient } from './Proje...
    |    ^^^^^^^^^^^^^^^^^^^^^^^^^^^^^^^^^
  3 | ...
  4 | ...tadata: Metadata = {
  5 | ...cts',

https://nextjs.org/docs/messages/module-not-found @ http://localhost:3000/_next/static/chunks/0ugy_next_dist_00lkz9j._.js:1945
[  257335ms] [ERROR] ./mfpmartins.dev/src/app/projects/layout.tsx:2:1
Module not found: Can't resolve './ProjectsLayoutClient'
  1 | ...etadata } from 'next'
> 2 | ...tsLayoutClient } from './Proje...
    |    ^^^^^^^^^^^^^^^^^^^^^^^^^^^^^^^^^
  3 | ...
  4 | ...tadata: Metadata = {
  5 | ...cts',

https://nextjs.org/docs/messages/module-not-found @ http://localhost:3000/_next/static/chunks/0ugy_next_dist_00lkz9j._.js:1945
[  257396ms] [ERROR] ./mfpmartins.dev/src/app/projects/layout.tsx:2:1
Module not found: Can't resolve './ProjectsLayoutClient'
  1 | ...etadata } from 'next'
> 2 | ...tsLayoutClient } from './Proje...
    |    ^^^^^^^^^^^^^^^^^^^^^^^^^^^^^^^^^
  3 | ...
  4 | ...tadata: Metadata = {
  5 | ...cts',

https://nextjs.org/docs/messages/module-not-found @ http://localhost:3000/_next/static/chunks/0ugy_next_dist_00lkz9j._.js:1945
[  257458ms] [ERROR] ./mfpmartins.dev/src/app/projects/layout.tsx:2:1
Module not found: Can't resolve './ProjectsLayoutClient'
  1 | ...etadata } from 'next'
> 2 | ...tsLayoutClient } from './Proje...
    |    ^^^^^^^^^^^^^^^^^^^^^^^^^^^^^^^^^
  3 | ...
  4 | ...tadata: Metadata = {
  5 | ...cts',

https://nextjs.org/docs/messages/module-not-found @ http://localhost:3000/_next/static/chunks/0ugy_next_dist_00lkz9j._.js:1945
[  257522ms] [ERROR] ./mfpmartins.dev/src/app/projects/layout.tsx:2:1
Module not found: Can't resolve './ProjectsLayoutClient'
  1 | ...etadata } from 'next'
> 2 | ...tsLayoutClient } from './Proje...
    |    ^^^^^^^^^^^^^^^^^^^^^^^^^^^^^^^^^
  3 | ...
  4 | ...tadata: Metadata = {
  5 | ...cts',

https://nextjs.org/docs/messages/module-not-found @ http://localhost:3000/_next/static/chunks/0ugy_next_dist_00lkz9j._.js:1945
[  257584ms] [ERROR] ./mfpmartins.dev/src/app/projects/layout.tsx:2:1
Module not found: Can't resolve './ProjectsLayoutClient'
  1 | ...etadata } from 'next'
> 2 | ...tsLayoutClient } from './Proje...
    |    ^^^^^^^^^^^^^^^^^^^^^^^^^^^^^^^^^
  3 | ...
  4 | ...tadata: Metadata = {
  5 | ...cts',

https://nextjs.org/docs/messages/module-not-found @ http://localhost:3000/_next/static/chunks/0ugy_next_dist_00lkz9j._.js:1945
[  257635ms] [ERROR] ./mfpmartins.dev/src/app/projects/layout.tsx:2:1
Module not found: Can't resolve './ProjectsLayoutClient'
  1 | ...etadata } from 'next'
> 2 | ...tsLayoutClient } from './Proje...
    |    ^^^^^^^^^^^^^^^^^^^^^^^^^^^^^^^^^
  3 | ...
  4 | ...tadata: Metadata = {
  5 | ...cts',

https://nextjs.org/docs/messages/module-not-found @ http://localhost:3000/_next/static/chunks/0ugy_next_dist_00lkz9j._.js:1945
[  257681ms] [LOG] [Fast Refresh] rebuilding @ http://localhost:3000/_next/static/chunks/0ugy_next_dist_00lkz9j._.js:1226
[  257729ms] [ERROR] ./mfpmartins.dev/src/app/projects/layout.tsx:2:1
Export ProjectsLayoutClient doesn't exist in target module
  1 | ...etadata } from 'next'
> 2 | ...tsLayoutClient } from './Proje...
    |    ^^^^^^^^^^^^^^^^^^^^^^^^^^^^^^^^^
  3 | ...
  4 | ...tadata: Metadata = {
  5 | ...cts',

The export ProjectsLayoutClient was not found in module [project]/mfpmartins.dev/src/app/projects/ProjectsLayoutClient.tsx [app-rsc] (ecmascript).
The module has no exports at all.
All exports of the module are statically known (It doesn't have dynamic exports). So it's known statically that the requested export doesn't exist. @ http://localhost:3000/_next/static/chunks/0ugy_next_dist_00lkz9j._.js:1945
[  257846ms] [LOG] [Fast Refresh] rebuilding @ http://localhost:3000/_next/static/chunks/0ugy_next_dist_00lkz9j._.js:1226
[  258427ms] [LOG] [Fast Refresh] done in 690ms @ http://localhost:3000/_next/static/chunks/0ugy_next_dist_00lkz9j._.js:1226
[  258561ms] [LOG] [Fast Refresh] rebuilding @ http://localhost:3000/_next/static/chunks/0ugy_next_dist_00lkz9j._.js:1226
[  258718ms] [LOG] [Fast Refresh] done in 261ms @ http://localhost:3000/_next/static/chunks/0ugy_next_dist_00lkz9j._.js:1226
[  258913ms] [INFO] %cDownload the React DevTools for a better development experience: https://react.dev/link/react-devtools font-weight:bold @ http://localhost:3000/_next/static/chunks/0ugy_next_dist_0hur9--._.js:2477
[  258948ms] [LOG] [HMR] connected @ http://localhost:3000/_next/static/chunks/0ugy_next_dist_0hur9--._.js:2477
[  274439ms] [LOG] [Fast Refresh] rebuilding @ http://localhost:3000/_next/static/chunks/0ugy_next_dist_0hur9--._.js:2477
[  274479ms] [LOG] [Fast Refresh] done in 78ms @ http://localhost:3000/_next/static/chunks/0ugy_next_dist_0hur9--._.js:2477
[  274996ms] [LOG] THREE.WebGLRenderer: Context Lost. @ http://localhost:3000/_next/static/chunks/0ugy_next_dist_0hur9--._.js:2477
[  285491ms] [LOG] [Fast Refresh] rebuilding @ http://localhost:3000/_next/static/chunks/0ugy_next_dist_0hur9--._.js:2477
[  285554ms] [LOG] [Fast Refresh] done in 87ms @ http://localhost:3000/_next/static/chunks/0ugy_next_dist_0hur9--._.js:2477
[  295714ms] [LOG] [Fast Refresh] rebuilding @ http://localhost:3000/_next/static/chunks/0ugy_next_dist_0hur9--._.js:2477
[  295956ms] [LOG] [Fast Refresh] done in 81ms @ http://localhost:3000/_next/static/chunks/0ugy_next_dist_0hur9--._.js:2477
[  304527ms] [LOG] [Fast Refresh] rebuilding @ http://localhost:3000/_next/static/chunks/0ugy_next_dist_0hur9--._.js:2477
[  304793ms] [LOG] [Fast Refresh] done in 66ms @ http://localhost:3000/_next/static/chunks/0ugy_next_dist_0hur9--._.js:2477
[  314157ms] [LOG] [Fast Refresh] rebuilding @ http://localhost:3000/_next/static/chunks/0ugy_next_dist_0hur9--._.js:2477
[  314166ms] [LOG] [Fast Refresh] done in 75ms @ http://localhost:3000/_next/static/chunks/0ugy_next_dist_0hur9--._.js:2477
[  314272ms] [LOG] [Fast Refresh] rebuilding @ http://localhost:3000/_next/static/chunks/0ugy_next_dist_0hur9--._.js:2477
[  314333ms] [LOG] [Fast Refresh] done in 166ms @ http://localhost:3000/_next/static/chunks/0ugy_next_dist_0hur9--._.js:2477
