[     365ms] [INFO] %cDownload the React DevTools for a better development experience: https://react.dev/link/react-devtools font-weight:bold @ http://localhost:3000/_next/static/chunks/0ugy_next_dist_0hur9--._.js:2477
[     399ms] [LOG] [HMR] connected @ http://localhost:3000/_next/static/chunks/0ugy_next_dist_0hur9--._.js:2477
[   16813ms] [LOG] [Fast Refresh] rebuilding @ http://localhost:3000/_next/static/chunks/0ugy_next_dist_0hur9--._.js:2477
[   16946ms] [LOG] [Fast Refresh] done in 239ms @ http://localhost:3000/_next/static/chunks/0ugy_next_dist_0hur9--._.js:2477
[ 2719348ms] [LOG] [Fast Refresh] rebuilding @ http://localhost:3000/_next/static/chunks/0ugy_next_dist_0hur9--._.js:2477
[ 2719366ms] [LOG] [Fast Refresh] done in 130ms @ http://localhost:3000/_next/static/chunks/0ugy_next_dist_0hur9--._.js:2477
[ 2719470ms] [INFO] %cDownload the React DevTools for a better development experience: https://react.dev/link/react-devtools font-weight:bold @ http://localhost:3000/_next/static/chunks/0ugy_next_dist_0hur9--._.js:2477
[ 2719510ms] [LOG] [HMR] connected @ http://localhost:3000/_next/static/chunks/0ugy_next_dist_0hur9--._.js:2477
[ 2784433ms] [LOG] [Fast Refresh] rebuilding @ http://localhost:3000/_next/static/chunks/0ugy_next_dist_0hur9--._.js:2477
[ 2784653ms] [LOG] [Fast Refresh] done in 327ms @ http://localhost:3000/_next/static/chunks/0ugy_next_dist_0hur9--._.js:2477
[ 2789214ms] [LOG] [Fast Refresh] rebuilding @ http://localhost:3000/_next/static/chunks/0ugy_next_dist_0hur9--._.js:2477
[ 2789502ms] [LOG] [Fast Refresh] done in 398ms @ http://localhost:3000/_next/static/chunks/0ugy_next_dist_0hur9--._.js:2477
[ 2816958ms] [LOG] [Fast Refresh] rebuilding @ http://localhost:3000/_next/static/chunks/0ugy_next_dist_0hur9--._.js:2477
[ 2817123ms] [LOG] [Fast Refresh] done in 277ms @ http://localhost:3000/_next/static/chunks/0ugy_next_dist_0hur9--._.js:2477
[ 2941947ms] [LOG] [HMR] connected @ http://localhost:3000/_next/static/chunks/0ugy_next_dist_0hur9--._.js:2477
[ 2942727ms] [INFO] %cDownload the React DevTools for a better development experience: https://react.dev/link/react-devtools font-weight:bold @ http://localhost:3000/_next/static/chunks/0ugy_next_dist_0hur9--._.js:2477
[ 2942827ms] [LOG] [HMR] connected @ http://localhost:3000/_next/static/chunks/0ugy_next_dist_0hur9--._.js:2477
[ 2952856ms] [LOG] [Fast Refresh] rebuilding @ http://localhost:3000/_next/static/chunks/0ugy_next_dist_0hur9--._.js:2477
[ 2952960ms] [LOG] [Fast Refresh] done in 42ms @ http://localhost:3000/_next/static/chunks/0ugy_next_dist_0hur9--._.js:2477
[ 2972763ms] [LOG] [Fast Refresh] rebuilding @ http://localhost:3000/_next/static/chunks/0ugy_next_dist_0hur9--._.js:2477
[ 2972835ms] [LOG] [Fast Refresh] done in 27ms @ http://localhost:3000/_next/static/chunks/0ugy_next_dist_0hur9--._.js:2477
