[      84ms] [INFO] %cDownload the React DevTools for a better development experience: https://react.dev/link/react-devtools font-weight:bold @ http://localhost:3000/_next/static/chunks/0ugy_next_dist_0hur9--._.js:2477
[      97ms] [LOG] [HMR] connected @ http://localhost:3000/_next/static/chunks/0ugy_next_dist_0hur9--._.js:2477
[   23456ms] [ERROR] WebSocket connection to 'ws://localhost:3000/_next/webpack-hmr?id=M7Ba1-6hl3IyCE2kOOgay' failed: Error in connection establishment: net::ERR_CONNECTION_REFUSED @ http://localhost:3000/_next/static/chunks/0ugy_next_dist_client_06786z_._.js:13322
[   26823ms] [ERROR] WebSocket connection to 'ws://localhost:3000/_next/webpack-hmr?id=M7Ba1-6hl3IyCE2kOOgay' failed: Error in connection establishment: net::ERR_CONNECTION_REFUSED @ http://localhost:3000/_next/static/chunks/0ugy_next_dist_client_06786z_._.js:13322
[   27028ms] [ERROR] Failed to load resource: net::ERR_CONNECTION_REFUSED @ http://localhost:3000/about?_rsc=Wte-JJK49kxoY5SR:0
[   27030ms] [ERROR] Failed to fetch RSC payload for http://localhost:3000/about. Falling back to browser navigation. TypeError: Failed to fetch
    at createFetch (http://localhost:3000/_next/static/chunks/0ugy_next_dist_client_06786z_._.js:8107:21)
    at async fetchServerResponse (http://localhost:3000/_next/static/chunks/0ugy_next_dist_client_06786z_._.js:7951:21)
    at async navigateToUnknownRoute (http://localhost:3000/_next/static/chunks/0ugy_next_dist_client_06786z_._.js:10121:20) @ http://localhost:3000/_next/static/chunks/0ugy_next_dist_0hur9--._.js:3318
[   27037ms] [ERROR] WebSocket is already in CLOSING or CLOSED state. @ http://localhost:3000/_next/static/chunks/0ugy_next_dist_0hur9--._.js:2836
[  536021ms] [INFO] %cDownload the React DevTools for a better development experience: https://react.dev/link/react-devtools font-weight:bold @ http://localhost:3000/_next/static/chunks/0ugy_next_dist_0hur9--._.js:2477
[  536064ms] [LOG] [HMR] connected @ http://localhost:3000/_next/static/chunks/0ugy_next_dist_0hur9--._.js:2477
[  545869ms] [LOG] [Fast Refresh] rebuilding @ http://localhost:3000/_next/static/chunks/0ugy_next_dist_0hur9--._.js:2477
[  546142ms] [LOG] [Fast Refresh] done in 373ms @ http://localhost:3000/_next/static/chunks/0ugy_next_dist_0hur9--._.js:2477
[  553959ms] [LOG] [Fast Refresh] rebuilding @ http://localhost:3000/_next/static/chunks/0ugy_next_dist_0hur9--._.js:2477
[  554155ms] [LOG] [Fast Refresh] done in 297ms @ http://localhost:3000/_next/static/chunks/0ugy_next_dist_0hur9--._.js:2477
[  554157ms] [ERROR] Failed to load resource: the server responded with a status of 400 (Bad Request) @ http://localhost:3000/_next/image?url=%2Fimages%2Fprojects%2FbrowserSetubal.png&w=828&q=75:0
[  609832ms] [LOG] [Fast Refresh] rebuilding @ http://localhost:3000/_next/static/chunks/0ugy_next_dist_0hur9--._.js:2477
[  609858ms] [LOG] [Fast Refresh] done in 138ms @ http://localhost:3000/_next/static/chunks/0ugy_next_dist_0hur9--._.js:2477
[  613361ms] [ERROR] Failed to load resource: the server responded with a status of 400 (Bad Request) @ http://localhost:3000/_next/image?url=%2Fimages%2Fprojects%2FbrowserSetubal.png&w=828&q=75:0
[  628360ms] [LOG] [Fast Refresh] rebuilding @ http://localhost:3000/_next/static/chunks/0ugy_next_dist_0hur9--._.js:2477
[  628456ms] [LOG] [Fast Refresh] done in 205ms @ http://localhost:3000/_next/static/chunks/0ugy_next_dist_0hur9--._.js:2477
[  630834ms] [INFO] Launched external handler for 'mailto:contact@mfpmartins.dev?subject=Mail%20from%20mfpmartins.dev'. @ http://localhost:3000/contact:0
[  869857ms] [ERROR] Failed to load resource: the server responded with a status of 400 (Bad Request) @ http://localhost:3000/_next/image?url=%2Fimages%2Fprojects%2FbrowserSetubal.png&w=828&q=75:0
[  919431ms] [ERROR] Failed to load resource: the server responded with a status of 400 (Bad Request) @ http://localhost:3000/_next/image?url=%2Fimages%2Fprojects%2FbrowserSetubal.png&w=828&q=75:0
[ 1156566ms] [LOG] [Fast Refresh] rebuilding @ http://localhost:3000/_next/static/chunks/0ugy_next_dist_0hur9--._.js:2477
[ 1156580ms] [ERROR] An empty string ("") was passed to the %s attribute. This may cause the browser to download the whole page again over the network. To fix this, either do not render the element at all or pass null to %s instead of an empty string. src src @ http://localhost:3000/_next/static/chunks/0ugy_next_dist_0hur9--._.js:3318
[ 1156582ms] [ERROR] Image is missing required "src" property: JSHandle@node @ http://localhost:3000/_next/static/chunks/0ugy_next_dist_0hur9--._.js:3318
[ 1156699ms] [LOG] [Fast Refresh] done in 49ms @ http://localhost:3000/_next/static/chunks/0ugy_next_dist_0hur9--._.js:2477
[ 1174391ms] [LOG] [Fast Refresh] rebuilding @ http://localhost:3000/_next/static/chunks/0ugy_next_dist_0hur9--._.js:2477
[ 1174510ms] [LOG] [Fast Refresh] done in 58ms @ http://localhost:3000/_next/static/chunks/0ugy_next_dist_0hur9--._.js:2477
[ 1187924ms] [LOG] [Fast Refresh] rebuilding @ http://localhost:3000/_next/static/chunks/0ugy_next_dist_0hur9--._.js:2477
[ 1188025ms] [LOG] [Fast Refresh] done in 45ms @ http://localhost:3000/_next/static/chunks/0ugy_next_dist_0hur9--._.js:2477
[ 1200406ms] [LOG] [Fast Refresh] rebuilding @ http://localhost:3000/_next/static/chunks/0ugy_next_dist_0hur9--._.js:2477
[ 1200500ms] [LOG] [Fast Refresh] done in 44ms @ http://localhost:3000/_next/static/chunks/0ugy_next_dist_0hur9--._.js:2477
[ 1211306ms] [LOG] [Fast Refresh] rebuilding @ http://localhost:3000/_next/static/chunks/0ugy_next_dist_0hur9--._.js:2477
[ 1211424ms] [LOG] [Fast Refresh] done in 40ms @ http://localhost:3000/_next/static/chunks/0ugy_next_dist_0hur9--._.js:2477
[ 1222704ms] [LOG] [Fast Refresh] rebuilding @ http://localhost:3000/_next/static/chunks/0ugy_next_dist_0hur9--._.js:2477
[ 1222808ms] [LOG] [Fast Refresh] done in 38ms @ http://localhost:3000/_next/static/chunks/0ugy_next_dist_0hur9--._.js:2477
[ 1231915ms] [LOG] [Fast Refresh] rebuilding @ http://localhost:3000/_next/static/chunks/0ugy_next_dist_0hur9--._.js:2477
[ 1232000ms] [LOG] [Fast Refresh] done in 35ms @ http://localhost:3000/_next/static/chunks/0ugy_next_dist_0hur9--._.js:2477
